<?xml version="1.0" encoding="UTF-8"?>
<!-- Generated by org.testng.reporters.JUnitReportReporter -->
<testsuite skipped="0" hostname="Eldrid" name="Rest.RestAssuredTestcase.GetWeatherRequest" tests="1" failures="0" timestamp="26 Jun 2020 22:28:40 GMT" time="1.504" errors="0">
  <testcase name="getweatherDetails" time="1.504" classname="Rest.RestAssuredTestcase.GetWeatherRequest"/>
</testsuite> <!-- Rest.RestAssuredTestcase.GetWeatherRequest -->
