<?xml version="1.0" encoding="UTF-8"?>
<!-- Generated by org.testng.reporters.JUnitReportReporter -->
<testsuite skipped="0" hostname="Eldrid" name="Rest.RestAssuredTestcase.PostAPIResponse" tests="1" failures="0" timestamp="26 Jun 2020 22:38:19 GMT" time="1.903" errors="0">
  <testcase name="RegistrationSuccessful" time="1.903" classname="Rest.RestAssuredTestcase.PostAPIResponse"/>
</testsuite> <!-- Rest.RestAssuredTestcase.PostAPIResponse -->
